{
  "stats": {
    "suites": 1,
    "tests": 1,
    "passes": 1,
    "pending": 0,
    "failures": 0,
    "start": "2022-05-23T11:30:33.962Z",
    "end": "2022-05-23T11:30:36.250Z",
    "duration": 2288,
    "testsRegistered": 1,
    "passPercent": 100,
    "pendingPercent": 0,
    "other": 0,
    "hasOther": false,
    "skipped": 0,
    "hasSkipped": false
  },
  "results": [
    {
      "uuid": "70daddc0-131e-40af-bc26-3a192e9a065b",
      "title": "",
      "fullFile": "cypress/integration/searchPokemon/searchPokemon.specs.ts",
      "file": "cypress/integration/searchPokemon/searchPokemon.specs.ts",
      "beforeHooks": [],
      "afterHooks": [],
      "tests": [],
      "suites": [
        {
          "uuid": "b40d7b7f-98e7-442b-87c8-004e611c087b",
          "title": "Verify 'My Actions' section, Happy Path",
          "fullFile": "",
          "file": "",
          "beforeHooks": [],
          "afterHooks": [],
          "tests": [
            {
              "title": "Test invalid Search flow",
              "fullTitle": "Verify 'My Actions' section, Happy Path Test invalid Search flow",
              "timedOut": null,
              "duration": 2271,
              "state": "passed",
              "speed": "fast",
              "pass": true,
              "fail": false,
              "pending": false,
              "context": null,
              "code": "cy.get(searchPage_1.default.searchField).type(searchData_json_1.default.invalidPokemon, {\n    delay: 200,\n});\ncy.get(searchPage_1.default.searchButton).click();\ncy.get(searchPage_1.default.cardHeader).should(\"have.text\", \"Not found!\");\ncy.get(searchPage_1.default.cardDescription).should(\"have.text\", searchData_json_1.default.invalidPokemonDescription);\ncy.get(searchPage_1.default.searchAgain).should(\"be.visible\");",
              "err": {},
              "uuid": "d440f981-a814-4338-8bcc-1444c7943232",
              "parentUUID": "b40d7b7f-98e7-442b-87c8-004e611c087b",
              "isHook": false,
              "skipped": false
            }
          ],
          "suites": [],
          "passes": [
            "d440f981-a814-4338-8bcc-1444c7943232"
          ],
          "failures": [],
          "pending": [],
          "skipped": [],
          "duration": 2271,
          "root": false,
          "rootEmpty": false,
          "_timeout": 2000
        }
      ],
      "passes": [],
      "failures": [],
      "pending": [],
      "skipped": [],
      "duration": 0,
      "root": true,
      "rootEmpty": true,
      "_timeout": 2000
    }
  ],
  "meta": {
    "mocha": {
      "version": "7.0.1"
    },
    "mochawesome": {
      "options": {
        "quiet": false,
        "reportFilename": "mochawesome",
        "saveHtml": false,
        "saveJson": true,
        "consoleReporter": "spec",
        "useInlineDiffs": false,
        "code": true
      },
      "version": "6.3.1"
    },
    "marge": {
      "options": {
        "id": "default",
        "reportDir": "reports/json",
        "quite": true,
        "overwrite": false,
        "html": false,
        "json": true,
        "timestamp": "mmddyyyy_HHMMss"
      },
      "version": "5.2.0"
    }
  }
}